\BOOKMARK [1][-]{section*.2}{Contents}{}% 1
\BOOKMARK [1][-]{section.1}{Executive Summary}{}% 2
\BOOKMARK [1][-]{section.2}{Aims and Sample Under Testing}{}% 3
\BOOKMARK [1][-]{section.3}{Electromagnetic Methods}{}% 4
\BOOKMARK [2][-]{subsection.3.1}{Eddy Current Testing}{section.3}% 5
\BOOKMARK [3][-]{subsubsection.3.1.1}{Single Frequency Eddy Current Testing}{subsection.3.1}% 6
\BOOKMARK [3][-]{subsubsection.3.1.2}{Multiple Frequency Eddy Current}{subsection.3.1}% 7
\BOOKMARK [3][-]{subsubsection.3.1.3}{Pulsed Eddy Current}{subsection.3.1}% 8
\BOOKMARK [2][-]{subsection.3.2}{Remote Field Eddy Current Testing}{section.3}% 9
\BOOKMARK [2][-]{subsection.3.3}{Magnetic Particle Inspection}{section.3}% 10
\BOOKMARK [2][-]{subsection.3.4}{Potential Drop Techniques}{section.3}% 11
\BOOKMARK [2][-]{subsection.3.5}{Thermoelectric Testing}{section.3}% 12
\BOOKMARK [2][-]{subsection.3.6}{Microwave Techniques}{section.3}% 13
\BOOKMARK [2][-]{subsection.3.7}{Electromagnetic Acoustic Transducers}{section.3}% 14
\BOOKMARK [2][-]{subsection.3.8}{Alternating Current Field Measurement}{section.3}% 15
\BOOKMARK [1][-]{section.4}{Proposed NDE Solution}{}% 16
\BOOKMARK [2][-]{subsection.4.1}{Inspection of 300 Series Pipes}{section.4}% 17
\BOOKMARK [2][-]{subsection.4.2}{Inspection of 400 Series Pipes}{section.4}% 18
\BOOKMARK [2][-]{subsection.4.3}{Inspection of Welded Sections}{section.4}% 19
\BOOKMARK [2][-]{subsection.4.4}{Staffing}{section.4}% 20
\BOOKMARK [1][-]{section.5}{Conclusion}{}% 21
\BOOKMARK [1][-]{section.5}{References}{}% 22
